<?xml version="1.0" encoding="UTF-8" ?>
<testsuite errors="5" failures="5" hostname="joao-Inspiron-7460" name="br.distribuida.ct.game.ChungToiImplTest" skipped="0" tests="10" time="0.468" timestamp="2017-10-26T23:06:06">
  <properties>
    <property name="libs.jsp-compiler.javadoc" value="" />
    <property name="netbeans.autoupdate.country" value="BR" />
    <property name="nb.wait.for.caches" value="true" />
    <property name="javac.test.classpath" value=":build/web/WEB-INF/classes:/opt/netbeans/platform/modules/ext/junit-4.12.jar:/opt/netbeans/platform/modules/ext/hamcrest-core-1.3.jar" />
    <property name="libs.jsf20.maven-pom" value="" />
    <property name="j2ee.copy.static.files.on.save" value="true" />
    <property name="libs.DataBindingME.src" value="/opt/netbeans/mobility/sources/netbeans_databindingme-src.zip" />
    <property name="source.root" value="src" />
    <property name="do.display.browser" value="true" />
    <property name="libs.spring-webmvc4.0.src" value="" />
    <property name="ant.core.lib" value="/opt/netbeans/extide/ant/lib/ant.jar" />
    <property name="javadoc.windowtitle" value="" />
    <property name="libs.jsp-compilation.javadoc" value="" />
    <property name="user.dir" value="/home/joao/NetBeansProjects/chungtoiwsb-11100088" />
    <property name="libs.javaee-api-7.0.src" value="" />
    <property name="java.vm.version" value="25.144-b01" />
    <property name="libs.DataBindingME.classpath" value="/opt/netbeans/mobility/modules/ext/netbeans_databindingme.jar" />
    <property name="libs.j2me_common_ant.src" value="" />
    <property name="libs.MySQLDriver.classpath" value="/opt/netbeans/ide/modules/ext/mysql-connector-java-5.1.23-bin.jar" />
    <property name="no.dependencies" value="false" />
    <property name="libs.eclipselinkmodelgen.src" value="" />
    <property name="javadoc.notree" value="false" />
    <property name="lib.dir" value="web/WEB-INF/lib" />
    <property name="netbeans.autoupdate.version" value="1.23" />
    <property name="libs.EclipseLink-GlassFish-v3.classpath" value="/home/joao/GlassFish_Server/glassfish/modules/org.eclipse.persistence.jpa.jar:/home/joao/GlassFish_Server/glassfish/modules/org.eclipse.persistence.oracle.jar:/home/joao/GlassFish_Server/glassfish/modules/org.eclipse.persistence.antlr.jar:/home/joao/GlassFish_Server/glassfish/modules/org.eclipse.persistence.jpa.jpql.jar:/home/joao/GlassFish_Server/glassfish/modules/org.eclipse.persistence.dbws.jar:/home/joao/GlassFish_Server/glassfish/modules/org.eclipse.persistence.moxy.jar:/home/joao/GlassFish_Server/glassfish/modules/org.eclipse.persistence.asm.jar:/home/joao/GlassFish_Server/glassfish/modules/org.eclipse.persistence.core.jar:/home/joao/GlassFish_Server/glassfish/modules/org.eclipse.persistence.jpa.modelgen.processor.jar:/home/joao/GlassFish_Server/glassfish/modules/javax.persistence.jar" />
    <property name="netbeans.running.environment" value="gnome" />
    <property name="libs.javaee-web-api-6.0.classpath" value="/opt/netbeans/enterprise/modules/ext/javaee-web-api-6.0.jar" />
    <property name="libs.DataBindingME-PIM.maven-pom" value="" />
    <property name="libs.Java-EE-GlassFish-v3-Prelude.javadoc" value="/opt/netbeans/enterprise/docs/javaee-doc-api.jar" />
    <property name="jdk.home" value="/usr/lib/jvm/java-8-oracle" />
    <property name="libs.javac-api.src" value="" />
    <property name="javadoc.noindex" value="false" />
    <property name="libs.jpa2-persistence.classpath" value="/opt/netbeans/java/modules/ext/hibernate4/hibernate-jpa-2.1-api-1.0.0.Final.jar" />
    <property name="sun.os.patch.level" value="unknown" />
    <property name="libs.Java-EE-GlassFish-v3-Prelude.src" value="" />
    <property name="do.tmp.war.package" value="true" />
    <property name="java.vm.specification.name" value="Java Virtual Machine Specification" />
    <property name="nb.show.statistics.ui" value="usageStatisticsEnabled" />
    <property name="netbeans.autoupdate.variant" value="" />
    <property name="have.tests" value="true" />
    <property name="org.xml.sax.driver" value="com.sun.org.apache.xerces.internal.jaxp.SAXParserImpl$JAXPSAXParser" />
    <property name="libs.hamcrest.classpath" value="/opt/netbeans/platform/modules/ext/hamcrest-core-1.3.jar" />
    <property name="j2ee.server.instance" value="[/home/joao/GlassFish_Server/glassfish:/home/joao/GlassFish_Server/glassfish/domains/Dominio_GlassFish]deployer:gfv3ee6wc:localhost:4848" />
    <property name="libs.javac-api.javadoc" value="" />
    <property name="os.name" value="Linux" />
    <property name="libs.beans-binding.classpath" value="/opt/netbeans/java/modules/ext/beansbinding-1.2.1.jar" />
    <property name="libs.javaee-endorsed-api-7.0.maven-pom" value="" />
    <property name="ap.proc.none.internal" value="" />
    <property name="libs.DataBindingME-SVG.javadoc" value="/opt/netbeans/mobility/modules/docs/netbeans_databindingme_svg-api.zip" />
    <property name="libs.restapi.javadoc" value="" />
    <property name="libs.JWSAntTasks.maven-pom" value="" />
    <property name="libs.jstl.classpath" value="/opt/netbeans/enterprise/modules/ext/jstl-impl.jar:/opt/netbeans/enterprise/modules/ext/jstl-api.jar" />
    <property name="libs.testng.src" value="" />
    <property name="libs.spring-webmvc3.0.src" value="" />
    <property name="libs.restapi.classpath" value="/opt/netbeans/enterprise/modules/ext/jaxrs-2.0/javax.ws.rs-api-2.0.jar" />
    <property name="runmain.jvmargs" value="" />
    <property name="java.vendor.url.bug" value="http://bugreport.sun.com/bugreport/" />
    <property name="libs.jaxb.maven-pom" value="" />
    <property name="os.arch" value="amd64" />
    <property name="libs.eclipselink.src" value="" />
    <property name="user.name" value="joao" />
    <property name="j2ee.compile.on.save" value="true" />
    <property name="libs.jsf12.javadoc" value="/opt/netbeans/enterprise/docs/javaee-doc-api.jar" />
    <property name="libs.Comet-GlassFish-v3.javadoc" value="" />
    <property name="libs.j2me_common_ant.maven-pom" value="" />
    <property name="libs.spring-webmvc3.0.maven-pom" value="" />
    <property name="libs.swing-layout.maven-pom" value="" />
    <property name="sun.java.command" value="org.apache.tools.ant.taskdefs.optional.junit.JUnitTestRunner br.distribuida.ct.game.ChungToiImplTest skipNonTests=false filtertrace=true haltOnError=false haltOnFailure=false showoutput=true outputtoformatters=true logfailedtests=true threadid=0 logtestlistenerevents=true formatter=org.apache.tools.ant.taskdefs.optional.junit.BriefJUnitResultFormatter formatter=org.apache.tools.ant.taskdefs.optional.junit.XMLJUnitResultFormatter,/home/joao/NetBeansProjects/chungtoiwsb-11100088/build/test/results/TEST-br.distribuida.ct.game.ChungToiImplTest.xml crashfile=/home/joao/NetBeansProjects/chungtoiwsb-11100088/build/junitvmwatcher944899138898886500.properties propsfile=/home/joao/NetBeansProjects/chungtoiwsb-11100088/build/junit5844230357768388648.properties" />
    <property name="build.classes.dir" value="build/web/WEB-INF/classes" />
    <property name="netbeans.accept_license_class" value="org.netbeans.license.AcceptLicense" />
    <property name="ap.supported.internal" value="true" />
    <property name="libs.javaee-endorsed-api-7.0.javadoc" value="/opt/netbeans/enterprise/docs/javaee-doc-api.jar" />
    <property name="libs.jaxws21.javadoc" value="/opt/netbeans/java/docs/jaxws-api-doc.zip" />
    <property name="libs.spring-webmvc4.0.javadoc" value="" />
    <property name="build.web.excludes" value="**/*.java,**/*.form" />
    <property name="includes" value="**" />
    <property name="j2ee.platform.wsimport.classpath" value="/home/joao/GlassFish_Server/glassfish/modules/webservices-osgi.jar:/home/joao/GlassFish_Server/glassfish/modules/endorsed/webservices-api-osgi.jar:/home/joao/GlassFish_Server/glassfish/modules/jaxb-osgi.jar:/home/joao/GlassFish_Server/glassfish/modules/endorsed/jaxb-api.jar" />
    <property name="browser.context" value="/home/joao/NetBeansProjects/chungtoiwsb-11100088" />
    <property name="user.country" value="BR" />
    <property name="javadoc.encoding" value="UTF-8" />
    <property name="javac.classpath" value="" />
    <property name="libs.jsp-compilation-syscp.src" value="" />
    <property name="libs.JAVADB_DRIVER_LABEL.src" value="" />
    <property name="libs.spring-framework400.classpath" value="/opt/netbeans/ide/modules/org-apache-commons-logging.jar:/opt/netbeans/java/modules/ext/cglib-2.2.jar:/opt/netbeans/java/modules/ext/spring-4/spring-aop-4.0.1.RELEASE.jar:/opt/netbeans/java/modules/ext/spring-4/spring-aspects-4.0.1.RELEASE.jar:/opt/netbeans/java/modules/ext/spring-4/spring-beans-4.0.1.RELEASE.jar:/opt/netbeans/java/modules/ext/spring-4/spring-build-src-4.0.1.RELEASE.jar:/opt/netbeans/java/modules/ext/spring-4/spring-context-4.0.1.RELEASE.jar:/opt/netbeans/java/modules/ext/spring-4/spring-context-support-4.0.1.RELEASE.jar:/opt/netbeans/java/modules/ext/spring-4/spring-core-4.0.1.RELEASE.jar:/opt/netbeans/java/modules/ext/spring-4/spring-expression-4.0.1.RELEASE.jar:/opt/netbeans/java/modules/ext/spring-4/spring-framework-bom-4.0.1.RELEASE.jar:/opt/netbeans/java/modules/ext/spring-4/spring-instrument-4.0.1.RELEASE.jar:/opt/netbeans/java/modules/ext/spring-4/spring-instrument-tomcat-4.0.1.RELEASE.jar:/opt/netbeans/java/modules/ext/spring-4/spring-jdbc-4.0.1.RELEASE.jar:/opt/netbeans/java/modules/ext/spring-4/spring-jms-4.0.1.RELEASE.jar:/opt/netbeans/java/modules/ext/spring-4/spring-messaging-4.0.1.RELEASE.jar:/opt/netbeans/java/modules/ext/spring-4/spring-orm-4.0.1.RELEASE.jar:/opt/netbeans/java/modules/ext/spring-4/spring-oxm-4.0.1.RELEASE.jar:/opt/netbeans/java/modules/ext/spring-4/spring-test-4.0.1.RELEASE.jar:/opt/netbeans/java/modules/ext/spring-4/spring-tx-4.0.1.RELEASE.jar:/opt/netbeans/java/modules/ext/spring-4/spring-web-4.0.1.RELEASE.jar:/opt/netbeans/java/modules/ext/spring-4/spring-webmvc-4.0.1.RELEASE.jar:/opt/netbeans/java/modules/ext/spring-4/spring-webmvc-portlet-4.0.1.RELEASE.jar:/opt/netbeans/java/modules/ext/spring-4/spring-websocket-4.0.1.RELEASE.jar" />
    <property name="do.debug.server" value="true" />
    <property name="debug-transport" value="dt_socket" />
    <property name="netbeans.home" value="/opt/netbeans/platform" />
    <property name="build.compiler.emacs" value="true" />
    <property name="libs.javaee-web-api-6.0.src" value="" />
    <property name="libs.jsp-compilation-syscp.classpath" value="/opt/netbeans/extide/ant/lib/ant.jar:/opt/netbeans/enterprise/modules/ext/servlet3.1-jsp2.3-api.jar:/opt/netbeans/enterprise/modules/ext/glassfish-jspparser-4.0.jar:/opt/netbeans/enterprise/modules/ext/jstl-impl.jar:/opt/netbeans/enterprise/modules/ext/jsf-2_2/javax.faces.jar" />
    <property name="java.endorsed.dirs" value="/usr/lib/jvm/java-8-oracle/jre/lib/endorsed" />
    <property name="libs.Comet-GlassFish-v3.maven-pom" value="" />
    <property name="libs.groovy-all.src" value="" />
    <property name="netbeans.dynamic.classpath" value="/opt/netbeans/platform/core/org-openide-filesystems-compat8.jar:/opt/netbeans/platform/core/core.jar:/opt/netbeans/platform/core/org-openide-filesystems.jar:/opt/netbeans/platform/core/asm-all-5.0.1.jar:/opt/netbeans/platform/core/org-netbeans-libs-asm.jar:/opt/netbeans/platform/core/core-base.jar:/opt/netbeans/platform/core/locale/org-openide-filesystems-compat8_zh_CN.jar:/opt/netbeans/platform/core/locale/org-netbeans-libs-asm_zh_CN.jar:/opt/netbeans/platform/core/locale/org-openide-filesystems_zh_CN.jar:/opt/netbeans/platform/core/locale/core_pt_BR.jar:/opt/netbeans/platform/core/locale/core_zh_CN.jar:/opt/netbeans/platform/core/locale/core-base_pt_BR.jar:/opt/netbeans/platform/core/locale/org-openide-filesystems_pt_BR.jar:/opt/netbeans/platform/core/locale/org-openide-filesystems_ru.jar:/opt/netbeans/platform/core/locale/core_ru.jar:/opt/netbeans/platform/core/locale/core-base_ja.jar:/opt/netbeans/platform/core/locale/org-openide-filesystems-compat8_ru.jar:/opt/netbeans/platform/core/locale/org-netbeans-libs-asm_pt_BR.jar:/opt/netbeans/platform/core/locale/core_ja.jar:/opt/netbeans/platform/core/locale/org-netbeans-libs-asm_ru.jar:/opt/netbeans/platform/core/locale/core-base_zh_CN.jar:/opt/netbeans/platform/core/locale/core-base_ru.jar:/opt/netbeans/platform/core/locale/org-openide-filesystems_ja.jar:/opt/netbeans/platform/core/locale/org-netbeans-libs-asm_ja.jar:/opt/netbeans/platform/core/locale/org-openide-filesystems-compat8_pt_BR.jar:/opt/netbeans/platform/core/locale/org-openide-filesystems-compat8_ja.jar:/opt/netbeans/nb/core/org-netbeans-upgrader.jar:/opt/netbeans/nb/core/locale/org-netbeans-upgrader_zh_CN.jar:/opt/netbeans/nb/core/locale/core_nb_zh_CN.jar:/opt/netbeans/nb/core/locale/core_nb_ja.jar:/opt/netbeans/nb/core/locale/core_nb_ru.jar:/opt/netbeans/nb/core/locale/core_nb.jar:/opt/netbeans/nb/core/locale/org-netbeans-upgrader_ja.jar:/opt/netbeans/nb/core/locale/core_nb_pt_BR.jar:/opt/netbeans/nb/core/locale/org-netbeans-upgrader_ru.jar:/opt/netbeans/nb/core/locale/org-netbeans-upgrader_pt_BR.jar" />
    <property name="java.vm.specification.version" value="1.8" />
    <property name="libs.hibernate4-support.src" value="" />
    <property name="libs.primefaces.classpath" value="/opt/netbeans/enterprise/modules/ext/primefaces/primefaces-5.0.jar" />
    <property name="libs.javaee-api-6.0.classpath" value="/opt/netbeans/enterprise/modules/ext/javaee-api-6.0.jar" />
    <property name="libs.groovy-all.maven-pom" value="" />
    <property name="netbeans.productversion" value="NetBeans IDE 8.1 (Build 201510222201)" />
    <property name="libs.jaxws21.src" value="" />
    <property name="do.war.package.with.custom.manifest" value="true" />
    <property name="netbeans.autoupdate.language" value="pt" />
    <property name="java.vendor" value="Oracle Corporation" />
    <property name="libs.javaee-api-6.0.javadoc" value="/opt/netbeans/enterprise/docs/javaee-doc-api.jar" />
    <property name="sun.font.fontmanager" value="sun.awt.X11FontManager" />
    <property name="javac.debug" value="true" />
    <property name="javadoc.splitindex" value="true" />
    <property name="file.separator" value="/" />
    <property name="libs.Java-EE-GlassFish-v3-Prelude.maven-pom" value="" />
    <property name="libs.junit_4.maven-pom" value="" />
    <property name="resource.dir" value="setup" />
    <property name="javac.test.processorpath" value=":build/web/WEB-INF/classes:/opt/netbeans/platform/modules/ext/junit-4.12.jar:/opt/netbeans/platform/modules/ext/hamcrest-core-1.3.jar" />
    <property name="netbeans.buildnumber" value="201510222201" />
    <property name="libs.JWSAntTasks.javadoc" value="" />
    <property name="build.generated.sources.dir" value="build/generated-sources" />
    <property name="libs.eclipselinkmodelgen.classpath" value="/opt/netbeans/java/modules/ext/eclipselink/org.eclipse.persistence.jpa.modelgen_2.5.2.v20140319-9ad6abd.jar" />
    <property name="libs.javaee-endorsed-api-7.0.src" value="" />
    <property name="sun.java.launcher" value="SUN_STANDARD" />
    <property name="libs.hibernate4-persistencemodelgen.javadoc" value="" />
    <property name="libs.jaxb.javadoc" value="/opt/netbeans/ide/docs/jaxb-api-doc.zip" />
    <property name="libs.struts.classpath" value="/opt/netbeans/enterprise/modules/ext/struts/antlr-2.7.2.jar:/opt/netbeans/enterprise/modules/ext/struts/bsf-2.3.0.jar:/opt/netbeans/enterprise/modules/ext/struts/commons-beanutils-1.8.0.jar:/opt/netbeans/enterprise/modules/ext/struts/commons-chain-1.2.jar:/opt/netbeans/enterprise/modules/ext/struts/commons-digester-1.8.jar:/opt/netbeans/enterprise/modules/ext/struts/commons-fileupload-1.1.1.jar:/opt/netbeans/enterprise/modules/ext/struts/commons-io-1.1.jar:/opt/netbeans/enterprise/modules/ext/struts/commons-logging-1.0.4.jar:/opt/netbeans/enterprise/modules/ext/struts/commons-validator-1.3.1.jar:/opt/netbeans/enterprise/modules/ext/struts/jstl-1.0.2.jar:/opt/netbeans/enterprise/modules/ext/struts/oro-2.0.8.jar:/opt/netbeans/enterprise/modules/ext/struts/standard-1.0.6.jar:/opt/netbeans/enterprise/modules/ext/struts/struts-core-1.3.10.jar:/opt/netbeans/enterprise/modules/ext/struts/struts-el-1.3.10.jar:/opt/netbeans/enterprise/modules/ext/struts/struts-extras-1.3.10.jar:/opt/netbeans/enterprise/modules/ext/struts/struts-faces-1.3.10.jar:/opt/netbeans/enterprise/modules/ext/struts/struts-mailreader-dao-1.3.10.jar:/opt/netbeans/enterprise/modules/ext/struts/struts-scripting-1.3.10.jar:/opt/netbeans/enterprise/modules/ext/struts/struts-taglib-1.3.10.jar:/opt/netbeans/enterprise/modules/ext/struts/struts-tiles-1.3.10.jar" />
    <property name="application.args.param" value="" />
    <property name="ant.home" value="/opt/netbeans/extide/ant" />
    <property name="libs.junit_4.src" value="/opt/netbeans/platform/docs/junit-4.12-sources.jar" />
    <property name="libs.testng.classpath" value="/opt/netbeans/platform/modules/ext/testng-6.8.1-dist.jar" />
    <property name="conf.dir" value="src/conf" />
    <property name="webinf.dir" value="web/WEB-INF" />
    <property name="libs.absolutelayout.maven-pom" value="" />
    <property name="ant.java.version" value="1.8" />
    <property name="java.library.path" value="/usr/lib/jvm/java-8-oracle/bin/../jre/lib/amd64:/usr/lib/jvm/java-8-oracle/bin/../jre/lib/i386::/usr/java/packages/lib/amd64:/usr/lib64:/lib64:/lib:/usr/lib" />
    <property name="javadoc.author" value="false" />
    <property name="libs.metro.maven-pom" value="" />
    <property name="libs.EclipseLink-GlassFish-v3.src" value="" />
    <property name="java.util.logging.config.class" value="org.netbeans.core.startup.TopLogging" />
    <property name="libs.spring-framework400.src" value="" />
    <property name="libs.PostgreSQLDriver.src" value="" />
    <property name="sun.arch.data.model" value="64" />
    <property name="basedir" value="/home/joao/NetBeansProjects/chungtoiwsb-11100088" />
    <property name="libs.jpa20-persistence.maven-pom" value="" />
    <property name="jar.compress" value="false" />
    <property name="libs.javaee-web-api-7.0.classpath" value="/opt/netbeans/enterprise/modules/ext/javaee-web-api-7.0.jar" />
    <property name="ant.file.type.chungtoiwsb-11100088-impl" value="file" />
    <property name="path.separator" value=":" />
    <property name="dist.war" value="dist/chungtoiwsb-11100088.war" />
    <property name="libs.javaee-web-api-6.0.javadoc" value="/opt/netbeans/enterprise/docs/javaee-doc-api.jar" />
    <property name="ant.junit.enabletestlistenerevents" value="true" />
    <property name="sun.io.unicode.encoding" value="UnicodeLittle" />
    <property name="libs.jaxws21.classpath" value="/opt/netbeans/ide/modules/ext/jaxb/jaxb-impl.jar:/opt/netbeans/ide/modules/ext/jaxb/jaxb-xjc.jar:/opt/netbeans/java/modules/ext/jaxws22/FastInfoset.jar:/opt/netbeans/java/modules/ext/jaxws22/gmbal-api-only.jar:/opt/netbeans/java/modules/ext/jaxws22/ha-api.jar:/opt/netbeans/java/modules/ext/jaxws22/javax.mail_1.4.jar:/opt/netbeans/java/modules/ext/jaxws22/jaxws-rt.jar:/opt/netbeans/java/modules/ext/jaxws22/jaxws-tools.jar:/opt/netbeans/java/modules/ext/jaxws22/management-api.jar:/opt/netbeans/java/modules/ext/jaxws22/mimepull.jar:/opt/netbeans/java/modules/ext/jaxws22/policy.jar:/opt/netbeans/java/modules/ext/jaxws22/saaj-impl.jar:/opt/netbeans/java/modules/ext/jaxws22/stax-ex.jar:/opt/netbeans/java/modules/ext/jaxws22/stax2-api.jar:/opt/netbeans/java/modules/ext/jaxws22/streambuffer.jar:/opt/netbeans/java/modules/ext/jaxws22/woodstox-core-asl.jar:/opt/netbeans/java/modules/ext/jaxws22/api/jaxws-api.jar:/opt/netbeans/java/modules/ext/jaxws22/api/jsr181-api.jar:/opt/netbeans/java/modules/ext/jaxws22/api/javax.annotation.jar:/opt/netbeans/java/modules/ext/jaxws22/api/saaj-api.jar:/opt/netbeans/ide/modules/ext/jaxb/activation.jar:/opt/netbeans/ide/modules/ext/jaxb/api/jaxb-api.jar:/opt/netbeans/ide/modules/ext/jaxb/api/jsr173_1.0_api.jar" />
    <property name="libs.struts.src" value="" />
    <property name="apple.awt.graphics.UseQuartz" value="true" />
    <property name="user.language" value="pt" />
    <property name="j2ee.platform.classpath" value="/home/joao/GlassFish_Server/glassfish/modules/endorsed/jaxb-api.jar:/home/joao/GlassFish_Server/glassfish/modules/endorsed/webservices-api-osgi.jar:/home/joao/GlassFish_Server/glassfish/modules/endorsed/javax.annotation-api.jar:/home/joao/GlassFish_Server/glassfish/modules/javax.enterprise.concurrent.jar:/home/joao/GlassFish_Server/glassfish/modules/javax.security.auth.message-api.jar:/home/joao/GlassFish_Server/glassfish/modules/javax.xml.registry-api.jar:/home/joao/GlassFish_Server/glassfish/modules/javax.enterprise.concurrent-api.jar:/home/joao/GlassFish_Server/glassfish/modules/javax.security.jacc-api.jar:/home/joao/GlassFish_Server/glassfish/modules/cdi-api.jar:/home/joao/GlassFish_Server/glassfish/modules/javax.enterprise.deploy-api.jar:/home/joao/GlassFish_Server/glassfish/modules/javax.el.jar:/home/joao/GlassFish_Server/glassfish/modules/javax.transaction-api.jar:/home/joao/GlassFish_Server/glassfish/modules/javax.servlet.jsp.jstl.jar:/home/joao/GlassFish_Server/glassfish/modules/javax.ws.rs-api.jar:/home/joao/GlassFish_Server/glassfish/modules/javax.resource-api.jar:/home/joao/GlassFish_Server/glassfish/modules/javax.batch-api.jar:/home/joao/GlassFish_Server/glassfish/modules/javax.mail.jar:/home/joao/GlassFish_Server/glassfish/modules/javax.inject.jar:/home/joao/GlassFish_Server/glassfish/modules/weld-osgi-bundle.jar:/home/joao/GlassFish_Server/glassfish/modules/javax.jms-api.jar:/home/joao/GlassFish_Server/glassfish/modules/javax.ejb-api.jar:/home/joao/GlassFish_Server/glassfish/modules/jaxb-osgi.jar:/home/joao/GlassFish_Server/glassfish/modules/javax.faces.jar:/home/joao/GlassFish_Server/glassfish/modules/javax.xml.rpc-api.jar:/home/joao/GlassFish_Server/glassfish/modules/javax.management.j2ee-api.jar:/home/joao/GlassFish_Server/glassfish/modules/javax.servlet.jsp-api.jar:/home/joao/GlassFish_Server/glassfish/modules/javax.servlet.jsp.jar:/home/joao/GlassFish_Server/glassfish/modules/javax.interceptor-api.jar:/home/joao/GlassFish_Server/glassfish/modules/javax.persistence.jar:/home/joao/GlassFish_Server/glassfish/modules/javax.servlet.jsp.jstl-api.jar:/home/joao/GlassFish_Server/glassfish/modules/bean-validator.jar:/home/joao/GlassFish_Server/glassfish/modules/javax.websocket-api.jar:/home/joao/GlassFish_Server/glassfish/modules/webservices-osgi.jar:/home/joao/GlassFish_Server/glassfish/modules/javax.json.jar:/home/joao/GlassFish_Server/glassfish/modules/javax.servlet-api.jar:/home/joao/GlassFish_Server/mq/lib/jaxm-api.jar" />
    <property name="testng.mode" value="testng" />
    <property name="libs.JAXB-ENDORSED.maven-pom" value="" />
    <property name="libs.eclipselink.maven-pom" value="" />
    <property name="build.meta.inf.dir" value="build/web/META-INF" />
    <property name="persistence.xml.dir" value="src/conf" />
    <property name="test.binaryincludes" value="&lt;nothing&gt;" />
    <property name="libs.primefaces.javadoc" value="" />
    <property name="libs.spring-framework300.maven-pom" value="" />
    <property name="run.test.classpath" value=":build/web/WEB-INF/classes:/opt/netbeans/platform/modules/ext/junit-4.12.jar:/opt/netbeans/platform/modules/ext/hamcrest-core-1.3.jar:build/test/classes" />
    <property name="ant.project.invoked-targets" value="test" />
    <property name="test.binaryexcludes" value="" />
    <property name="libs.swing-layout.javadoc" value="/opt/netbeans/platform/docs/swing-layout-1.0.4-doc.zip" />
    <property name="sun.java2d.dpiaware" value="true" />
    <property name="libs.hibernate4-persistence.maven-pom" value="" />
    <property name="jspc.schemas" value="/resources/schemas/" />
    <property name="libs.DataBindingME-SVG.classpath" value="/opt/netbeans/mobility/modules/ext/netbeans_databindingme_svg.jar" />
    <property name="https.nonProxyHosts" value="localhost|127.0.0.1|joao-Inspiron-7460" />
    <property name="libs.PostgreSQLDriver.maven-pom" value="" />
    <property name="java.class.version" value="52.0" />
    <property name="libs.JAVADB_DRIVER_LABEL.classpath" value="/usr/lib/jvm/java-8-oracle/db/lib/derby.jar:/usr/lib/jvm/java-8-oracle/db/lib/derbyclient.jar:/usr/lib/jvm/java-8-oracle/db/lib/derbynet.jar" />
    <property name="libs.hibernate4-persistencemodelgen.maven-pom" value="" />
    <property name="libs.javaee-endorsed-api-6.0.src" value="" />
    <property name="libs.eclipselink.javadoc" value="/opt/netbeans/java/modules/ext/docs/javax.persistence-2.1.0-doc.zip" />
    <property name="libs.jsp-compilation.maven-pom" value="" />
    <property name="user.properties.file" value="/home/joao/.netbeans/8.1/build.properties" />
    <property name="build.web.dir" value="build/web" />
    <property name="libs.javac-api.maven-pom" value="" />
    <property name="file.encoding.pkg" value="sun.io" />
    <property name="sun.cpu.endian" value="little" />
    <property name="libs.JAXB-ENDORSED.javadoc" value="" />
    <property name="j2ee.server.middleware" value="/home/joao/GlassFish_Server" />
    <property name="libs.JWSAntTasks.classpath" value="/opt/netbeans/java/ant/extra/org-netbeans-modules-javawebstart-anttasks.jar" />
    <property name="libs.spring-webmvc4.0.maven-pom" value="" />
    <property name="libs.spring-framework300.src" value="" />
    <property name="libs.jstl.src" value="" />
    <property name="empty.dir" value="/home/joao/NetBeansProjects/chungtoiwsb-11100088/build/empty" />
    <property name="display.browser" value="true" />
    <property name="version-output" value="java version &quot;1.8" />
    <property name="test.binarytestincludes" value="" />
    <property name="libs.hibernate4-persistencemodelgen.src" value="" />
    <property name="javadoc.preview" value="true" />
    <property name="libs.jpa20-persistence.javadoc" value="/opt/netbeans/java/modules/ext/docs/javax.persistence-2.1.0-doc.zip" />
    <property name="java.home" value="/usr/lib/jvm/java-8-oracle/jre" />
    <property name="libs.jsp-compilation.src" value="" />
    <property name="debug.test.classpath" value=":build/web/WEB-INF/classes:/opt/netbeans/platform/modules/ext/junit-4.12.jar:/opt/netbeans/platform/modules/ext/hamcrest-core-1.3.jar:build/test/classes" />
    <property name="libs.javaee-endorsed-api-6.0.classpath" value="/opt/netbeans/enterprise/modules/ext/javaee6-endorsed/javax.annotation.jar:/opt/netbeans/enterprise/modules/ext/javaee6-endorsed/jaxb-api-osgi.jar:/opt/netbeans/enterprise/modules/ext/javaee6-endorsed/webservices-api-osgi.jar" />
    <property name="libs.javaee-api-6.0.src" value="" />
    <property name="netbeans.importclass" value="org.netbeans.upgrade.AutoUpgrade" />
    <property name="ant.project.default-target" value="default" />
    <property name="annotation.processing.run.all.processors" value="true" />
    <property name="libs.DataBindingME.maven-pom" value="" />
    <property name="libs.PostgreSQLDriver.javadoc" value="" />
    <property name="libs.restlib.classpath" value="/opt/netbeans/enterprise/modules/ext/jersey2/ext/asm-all-repackaged-2.2.0-b21.jar:/opt/netbeans/enterprise/modules/ext/jersey2/ext/cglib-2.2.0-b21.jar:/opt/netbeans/enterprise/modules/ext/jersey2/ext/guava-14.0.1.jar:/opt/netbeans/enterprise/modules/ext/jersey2/ext/hk2-api-2.2.0-b21.jar:/opt/netbeans/enterprise/modules/ext/jersey2/ext/hk2-locator-2.2.0-b21.jar:/opt/netbeans/enterprise/modules/ext/jersey2/ext/hk2-utils-2.2.0-b21.jar:/opt/netbeans/enterprise/modules/ext/jersey2/ext/javax.annotation-api-1.2.jar:/opt/netbeans/enterprise/modules/ext/jersey2/ext/javax.inject-2.2.0-b21.jar:/opt/netbeans/enterprise/modules/ext/jersey2/ext/javax.servlet-api-3.0.1.jar:/opt/netbeans/enterprise/modules/ext/jersey2/ext/jaxb-api-2.2.7.jar:/opt/netbeans/enterprise/modules/ext/jersey2/ext/jersey-entity-filtering-2.5.1.jar:/opt/netbeans/enterprise/modules/ext/jersey2/ext/jersey-media-moxy-2.5.1.jar:/opt/netbeans/enterprise/modules/ext/jersey2/ext/org.osgi.core-4.2.0.jar:/opt/netbeans/enterprise/modules/ext/jersey2/ext/osgi-resource-locator-1.0.1.jar:/opt/netbeans/enterprise/modules/ext/jersey2/ext/persistence-api-1.0.jar:/opt/netbeans/enterprise/modules/ext/jersey2/ext/validation-api-1.1.0.Final.jar:/opt/netbeans/enterprise/modules/ext/jersey2/jersey-client.jar:/opt/netbeans/enterprise/modules/ext/jersey2/jersey-common.jar:/opt/netbeans/enterprise/modules/ext/jersey2/jersey-container-servlet.jar:/opt/netbeans/enterprise/modules/ext/jersey2/jersey-container-servlet-core.jar:/opt/netbeans/enterprise/modules/ext/jersey2/jersey-server.jar:/opt/netbeans/java/modules/ext/eclipselink/eclipselink.jar" />
    <property name="libs.MySQLDriver.maven-pom" value="" />
    <property name="j2ee.platform.wsgen.classpath" value="/home/joao/GlassFish_Server/glassfish/modules/webservices-osgi.jar:/home/joao/GlassFish_Server/glassfish/modules/endorsed/webservices-api-osgi.jar:/home/joao/GlassFish_Server/glassfish/modules/jaxb-osgi.jar:/home/joao/GlassFish_Server/glassfish/modules/endorsed/jaxb-api.jar" />
    <property name="libs.hibernate4-persistence.javadoc" value="/opt/netbeans/java/modules/ext/docs/javax.persistence-2.1.0-doc.zip" />
    <property name="http.nonProxyHosts" value="localhost|127.0.0.1|joao-Inspiron-7460" />
    <property name="libs.junit_4.javadoc" value="/opt/netbeans/platform/docs/junit-4.12-javadoc.jar" />
    <property name="libs.EclipseLink-GlassFish-v3.maven-pom" value="" />
    <property name="libs.javaee-web-api-6.0.maven-pom" value="" />
    <property name="j2ee.deploy.on.save" value="true" />
    <property name="jna.boot.library.name" value="jnidispatch-410" />
    <property name="libs.javaee-endorsed-api-6.0.javadoc" value="/opt/netbeans/enterprise/docs/javaee-doc-api.jar" />
    <property name="libs.javaee-api-7.0.classpath" value="/opt/netbeans/enterprise/modules/ext/javaee-api-7.0.jar" />
    <property name="sun.awt.datatransfer.timeout" value="1000" />
    <property name="libs.spring-webmvc3.0.javadoc" value="" />
    <property name="libs.jpa2-persistence.maven-pom" value="" />
    <property name="annotation.processing.enabled.in.editor" value="true" />
    <property name="libs.hibernate4-support.classpath" value="/opt/netbeans/java/modules/ext/hibernate4/antlr-2.7.7.jar:/opt/netbeans/java/modules/ext/hibernate4/c3p0-0.9.2.1.jar:/opt/netbeans/java/modules/ext/hibernate4/hibernate-c3p0-4.3.1.Final.jar:/opt/netbeans/java/modules/ext/hibernate4/mchange-commons-java-0.2.3.4.jar:/opt/netbeans/java/modules/ext/hibernate4/dom4j-1.6.1.jar:/opt/netbeans/java/modules/ext/hibernate4/ehcache-core-2.4.3.jar:/opt/netbeans/java/modules/ext/hibernate4/hibernate-ehcache-4.3.1.Final.jar:/opt/netbeans/java/modules/ext/hibernate4/hibernate-core-4.3.1.Final.jar:/opt/netbeans/java/modules/ext/hibernate4/jboss-logging-3.1.3.GA.jar:/opt/netbeans/java/modules/ext/hibernate4/hibernate-commons-annotations-4.0.4.Final.jar:/opt/netbeans/java/modules/ext/hibernate4/hibernate-entitymanager-4.3.1.Final.jar:/opt/netbeans/java/modules/ext/hibernate4/javassist-3.18.1-GA.jar:/opt/netbeans/java/modules/ext/hibernate4/jboss-transaction-api_1.2_spec-1.0.0.Final.jar:/opt/netbeans/java/modules/ext/hibernate4/slf4j-api-1.6.1.jar:/opt/netbeans/java/modules/ext/hibernate4/slf4j-simple-1.6.1.jar" />
    <property name="nb.native.filechooser" value="false" />
    <property name="libs.restapi.src" value="" />
    <property name="sun.management.compiler" value="HotSpot 64-Bit Tiered Compilers" />
    <property name="libs.j2me_common_ant.javadoc" value="" />
    <property name="javac.deprecation" value="false" />
    <property name="javadoc.use" value="true" />
    <property name="client.urlPart" value="" />
    <property name="sun.java2d.noddraw" value="true" />
    <property name="libs.jsp-compiler.classpath" value="/opt/netbeans/enterprise/ant/extra/jspcompile.jar" />
    <property name="dist.ear.war" value="dist/chungtoiwsb-11100088.war" />
    <property name="javac.processorpath" value="" />
    <property name="libs.hamcrest.maven-pom" value="" />
    <property name="javac.compilerargs" value="" />
    <property name="ant.file" value="/home/joao/NetBeansProjects/chungtoiwsb-11100088/build.xml" />
    <property name="libs.beans-binding.maven-pom" value="" />
    <property name="libs.hibernate4-support.javadoc" value="/opt/netbeans/java/modules/ext/docs/javax.persistence-2.1.0-doc.zip" />
    <property name="libs.jsf12.classpath" value="/opt/netbeans/enterprise/modules/ext/jsf-1_2/commons-beanutils.jar:/opt/netbeans/enterprise/modules/ext/jsf-1_2/commons-collections.jar:/opt/netbeans/enterprise/modules/ext/jsf-1_2/commons-digester.jar:/opt/netbeans/enterprise/modules/ext/jsf-1_2/commons-logging.jar:/opt/netbeans/enterprise/modules/ext/jsf-1_2/jsf-api.jar:/opt/netbeans/enterprise/modules/ext/jsf-1_2/jsf-impl.jar" />
    <property name="libs.Java-EE-GlassFish-v3-Prelude.classpath" value="/home/joao/GlassFish_Server/glassfish/modules/endorsed/jaxb-api.jar:/home/joao/GlassFish_Server/glassfish/modules/endorsed/webservices-api-osgi.jar:/home/joao/GlassFish_Server/glassfish/modules/endorsed/javax.annotation-api.jar:/home/joao/GlassFish_Server/glassfish/modules/javax.enterprise.concurrent.jar:/home/joao/GlassFish_Server/glassfish/modules/javax.security.auth.message-api.jar:/home/joao/GlassFish_Server/glassfish/modules/javax.xml.registry-api.jar:/home/joao/GlassFish_Server/glassfish/modules/javax.enterprise.concurrent-api.jar:/home/joao/GlassFish_Server/glassfish/modules/javax.security.jacc-api.jar:/home/joao/GlassFish_Server/glassfish/modules/cdi-api.jar:/home/joao/GlassFish_Server/glassfish/modules/javax.enterprise.deploy-api.jar:/home/joao/GlassFish_Server/glassfish/modules/javax.el.jar:/home/joao/GlassFish_Server/glassfish/modules/javax.transaction-api.jar:/home/joao/GlassFish_Server/glassfish/modules/javax.servlet.jsp.jstl.jar:/home/joao/GlassFish_Server/glassfish/modules/javax.ws.rs-api.jar:/home/joao/GlassFish_Server/glassfish/modules/javax.resource-api.jar:/home/joao/GlassFish_Server/glassfish/modules/javax.batch-api.jar:/home/joao/GlassFish_Server/glassfish/modules/javax.mail.jar:/home/joao/GlassFish_Server/glassfish/modules/javax.inject.jar:/home/joao/GlassFish_Server/glassfish/modules/weld-osgi-bundle.jar:/home/joao/GlassFish_Server/glassfish/modules/javax.jms-api.jar:/home/joao/GlassFish_Server/glassfish/modules/javax.ejb-api.jar:/home/joao/GlassFish_Server/glassfish/modules/jaxb-osgi.jar:/home/joao/GlassFish_Server/glassfish/modules/javax.faces.jar:/home/joao/GlassFish_Server/glassfish/modules/javax.xml.rpc-api.jar:/home/joao/GlassFish_Server/glassfish/modules/javax.management.j2ee-api.jar:/home/joao/GlassFish_Server/glassfish/modules/javax.servlet.jsp-api.jar:/home/joao/GlassFish_Server/glassfish/modules/javax.servlet.jsp.jar:/home/joao/GlassFish_Server/glassfish/modules/javax.interceptor-api.jar:/home/joao/GlassFish_Server/glassfish/modules/javax.persistence.jar:/home/joao/GlassFish_Server/glassfish/modules/javax.servlet.jsp.jstl-api.jar:/home/joao/GlassFish_Server/glassfish/modules/bean-validator.jar:/home/joao/GlassFish_Server/glassfish/modules/javax.websocket-api.jar:/home/joao/GlassFish_Server/glassfish/modules/webservices-osgi.jar:/home/joao/GlassFish_Server/glassfish/modules/javax.json.jar:/home/joao/GlassFish_Server/glassfish/modules/javax.servlet-api.jar:/home/joao/GlassFish_Server/mq/lib/jaxm-api.jar" />
    <property name="has.custom.manifest" value="true" />
    <property name="libs.jstl.maven-pom" value="" />
    <property name="libs.restapi.maven-pom" value="" />
    <property name="libs.beans-binding.src" value="" />
    <property name="java.vm.specification.vendor" value="Oracle Corporation" />
    <property name="libs.DataBindingME-PIM.javadoc" value="/opt/netbeans/mobility/modules/docs/netbeans_databindingme_pim-api.zip" />
    <property name="libs.swing-layout.src" value="/opt/netbeans/platform/docs/swing-layout-1.0.4-src.zip" />
    <property name="org.openide.major.version" value="IDE/1" />
    <property name="java.vm.name" value="Java HotSpot(TM) 64-Bit Server VM" />
    <property name="do.display.browser.debug" value="true" />
    <property name="netbeans.user" value="/home/joao/.netbeans/8.1" />
    <property name="javadoc.additionalparam" value="" />
    <property name="java.io.tmpdir" value="/tmp" />
    <property name="java.vendor.url" value="http://java.oracle.com/" />
    <property name="endorsed.classpath.cmd.line.arg" value="-Xbootclasspath/p:&apos;/opt/netbeans/enterprise/modules/ext/javaee7-endorsed/javax.annotation-api.jar:/opt/netbeans/enterprise/modules/ext/javaee7-endorsed/javax.xml.soap-api.jar:/opt/netbeans/enterprise/modules/ext/javaee7-endorsed/jaxb-api-osgi.jar:/opt/netbeans/enterprise/modules/ext/javaee7-endorsed/jaxws-api.jar:/opt/netbeans/enterprise/modules/ext/javaee7-endorsed/jsr181-api.jar&apos;" />
    <property name="junit.available" value="true" />
    <property name="j2ee.platform.wsit.classpath" value="" />
    <property name="compile.jsps" value="false" />
    <property name="libs.jsp-compiler.src" value="" />
    <property name="deploy.ant.properties.file" value="/home/joao/.netbeans/8.1/config/GlassFishEE6/Properties/gfv3972346234.properties" />
    <property name="j2ee.platform.wscompile.classpath" value="/home/joao/GlassFish_Server/glassfish/modules/webservices-osgi.jar" />
    <property name="sun.boot.library.path" value="/usr/lib/jvm/java-8-oracle/jre/lib/amd64" />
    <property name="have.sources" value="true" />
    <property name="libs.hamcrest.javadoc" value="" />
    <property name="debug.classpath" value="build/web/WEB-INF/classes:" />
    <property name="ant.file.type.chungtoiwsb-11100088" value="file" />
    <property name="war.name" value="chungtoiwsb-11100088.war" />
    <property name="javadoc.private" value="false" />
    <property name="test.src.dir" value="test" />
    <property name="libs.jsf20.classpath" value="/opt/netbeans/enterprise/modules/ext/jsf-2_2/javax.faces.jar" />
    <property name="ap.processors.internal" value="" />
    <property name="ant.file.chungtoiwsb-11100088-impl" value="/home/joao/NetBeansProjects/chungtoiwsb-11100088/nbproject/build-impl.xml" />
    <property name="javadoc.encoding.used" value="UTF-8" />
    <property name="libs.DataBindingME-SVG.src" value="/opt/netbeans/mobility/sources/netbeans_databindingme_svg-src.zip" />
    <property name="libs.spring-framework400.maven-pom" value="" />
    <property name="java.runtime.name" value="Java(TM) SE Runtime Environment" />
    <property name="ant.project.name" value="chungtoiwsb-11100088" />
    <property name="netbeans.hash.code" value="unique=002d949c9-23be-4846-9779-122112259911_5f051e49-05b2-474c-9288-4e19ce6760f4" />
    <property name="netbeans.default_userdir_root" value="/home/joao/.netbeans" />
    <property name="libs.jsp-compilation-syscp.maven-pom" value="" />
    <property name="sun.cpu.isalist" value="" />
    <property name="libs.spring-framework400.javadoc" value="" />
    <property name="libs.CopyLibs.javadoc" value="" />
    <property name="j2ee.server.domain" value="/home/joao/GlassFish_Server/glassfish/domains/Dominio_GlassFish" />
    <property name="org.openide.specification.version" value="6.2" />
    <property name="j2ee.server.home" value="/home/joao/GlassFish_Server/glassfish" />
    <property name="libs.DataBindingME-PIM.classpath" value="/opt/netbeans/mobility/modules/ext/netbeans_databindingme_pim.jar" />
    <property name="user.home" value="/home/joao" />
    <property name="annotation.processing.processors.list" value="" />
    <property name="libs.primefaces.maven-pom" value="" />
    <property name="debug-args-line" value="-Xdebug" />
    <property name="libs.javaee-api-6.0.maven-pom" value="" />
    <property name="libs.JWSAntTasks.src" value="" />
    <property name="libs.CopyLibs.maven-pom" value="" />
    <property name="libs.absolutelayout.javadoc" value="" />
    <property name="libs.spring-framework300.javadoc" value="" />
    <property name="java.specification.name" value="Java Platform API Specification" />
    <property name="no.dist.ear.dir" value="true" />
    <property name="java.specification.vendor" value="Oracle Corporation" />
    <property name="libs.javac-api.classpath" value="/opt/netbeans/java/modules/ext/nb-javac-api.jar" />
    <property name="java.version" value="1.8.0_144" />
    <property name="javadoc.version" value="false" />
    <property name="run.jvmargs.ide" value="" />
    <property name="libs.MySQLDriver.javadoc" value="" />
    <property name="org.openide.version" value="deprecated" />
    <property name="source.encoding" value="UTF-8" />
    <property name="ap.cmd.line.internal" value="" />
    <property name="libs.eclipselinkmodelgen.maven-pom" value="" />
    <property name="libs.jsp-compilation-syscp.javadoc" value="" />
    <property name="libs.javaee-endorsed-api-7.0.classpath" value="/opt/netbeans/enterprise/modules/ext/javaee7-endorsed/javax.annotation-api.jar:/opt/netbeans/enterprise/modules/ext/javaee7-endorsed/javax.xml.soap-api.jar:/opt/netbeans/enterprise/modules/ext/javaee7-endorsed/jaxb-api-osgi.jar:/opt/netbeans/enterprise/modules/ext/javaee7-endorsed/jaxws-api.jar:/opt/netbeans/enterprise/modules/ext/javaee7-endorsed/jsr181-api.jar" />
    <property name="libs.eclipselinkmodelgen.javadoc" value="" />
    <property name="libs.metro.javadoc" value="/opt/netbeans/enterprise/docs/metro-1.4-doc.zip" />
    <property name="libs.struts.maven-pom" value="" />
    <property name="netbeans.home+have.tests" value="true" />
    <property name="libs.testng.maven-pom" value="" />
    <property name="libs.jaxb.src" value="" />
    <property name="libs.jaxb.classpath" value="/opt/netbeans/ide/modules/ext/jaxb/jaxb-impl.jar:/opt/netbeans/ide/modules/ext/jaxb/jaxb-xjc.jar:/opt/netbeans/ide/modules/ext/jaxb/jaxb1-impl.jar:/opt/netbeans/ide/modules/ext/jaxb/activation.jar:/opt/netbeans/ide/modules/ext/jaxb/api/jaxb-api.jar:/opt/netbeans/ide/modules/ext/jaxb/api/jsr173_1.0_api.jar" />
    <property name="dist.javadoc.dir" value="dist/javadoc" />
    <property name="libs.j2me_common_ant.classpath" value="/opt/netbeans/mobility/modules/org-netbeans-modules-j2me-common-ant.jar:/opt/netbeans/java/modules/org-netbeans-modules-classfile.jar" />
    <property name="libs.spring-webmvc3.0.classpath" value="/opt/netbeans/java/modules/ext/spring-3.0/spring-webmvc-3.2.7.RELEASE.jar" />
    <property name="libs.swing-layout.classpath" value="/opt/netbeans/platform/modules/ext/swing-layout-1.0.4.jar" />
    <property name="jspc.dtds" value="/resources/dtds/" />
    <property name="libs.javaee-web-api-7.0.maven-pom" value="" />
    <property name="libs.restlib.src" value="" />
    <property name="javac.source" value="1.8" />
    <property name="build.generated.dir" value="build/generated" />
    <property name="line.separator" value="&#xa;" />
    <property name="java.specification.version" value="1.8" />
    <property name="java.vm.info" value="mixed mode" />
    <property name="libs.jaxws21.maven-pom" value="" />
    <property name="nb.junit.batch" value="true" />
    <property name="sun.boot.class.path" value="/opt/netbeans/enterprise/modules/ext/javaee7-endorsed/javax.annotation-api.jar:/opt/netbeans/enterprise/modules/ext/javaee7-endorsed/javax.xml.soap-api.jar:/opt/netbeans/enterprise/modules/ext/javaee7-endorsed/jaxb-api-osgi.jar:/opt/netbeans/enterprise/modules/ext/javaee7-endorsed/jaxws-api.jar:/opt/netbeans/enterprise/modules/ext/javaee7-endorsed/jsr181-api.jar:/usr/lib/jvm/java-8-oracle/jre/lib/resources.jar:/usr/lib/jvm/java-8-oracle/jre/lib/rt.jar:/usr/lib/jvm/java-8-oracle/jre/lib/sunrsasign.jar:/usr/lib/jvm/java-8-oracle/jre/lib/jsse.jar:/usr/lib/jvm/java-8-oracle/jre/lib/jce.jar:/usr/lib/jvm/java-8-oracle/jre/lib/charsets.jar:/usr/lib/jvm/java-8-oracle/jre/lib/jfr.jar:/usr/lib/jvm/java-8-oracle/jre/classes" />
    <property name="javac.target" value="1.8" />
    <property name="build.test.classes.dir" value="build/test/classes" />
    <property name="src.dir" value="src/java" />
    <property name="libs.jpa2-persistence.src" value="" />
    <property name="annotation.processing.enabled" value="true" />
    <property name="libs.jsf20.src" value="" />
    <property name="libs.jpa20-persistence.src" value="" />
    <property name="libs.DataBindingME-SVG.maven-pom" value="" />
    <property name="libs.jsf12.src" value="" />
    <property name="j2ee.platform" value="1.7-web" />
    <property name="libs.JAVADB_DRIVER_LABEL.maven-pom" value="" />
    <property name="libs.struts.javadoc" value="/opt/netbeans/enterprise/docs/struts-1.3.10-javadoc.zip" />
    <property name="ignore.failing.tests" value="true" />
    <property name="libs.Comet-GlassFish-v3.classpath" value="" />
    <property name="web.docbase.dir" value="web" />
    <property name="libs.javaee-web-api-7.0.src" value="" />
    <property name="libs.primefaces.src" value="" />
    <property name="dist.dir" value="dist" />
    <property name="libs.groovy-all.javadoc" value="" />
    <property name="testng.debug.mode" value="" />
    <property name="libs.groovy-all.classpath" value="/opt/netbeans/groovy/modules/ext/groovy-all.jar" />
    <property name="javac.fork" value="false" />
    <property name="java.awt.printerjob" value="sun.print.PSPrinterJob" />
    <property name="default.javac.source" value="1.8" />
    <property name="debug-transport-by-os" value="dt_socket" />
    <property name="libs.MySQLDriver.src" value="" />
    <property name="sun.jnu.encoding" value="UTF-8" />
    <property name="build.test.results.dir" value="build/test/results" />
    <property name="java.runtime.version" value="1.8.0_144-b01" />
    <property name="jna.platform.library.path" value="/usr/lib/x86_64-linux-gnu:/lib/x86_64-linux-gnu:/lib64:/usr/lib:/lib" />
    <property name="do.tmp.war.package.with.custom.manifest" value="true" />
    <property name="default.javac.target" value="1.8" />
    <property name="libs.junit_4.classpath" value="/opt/netbeans/platform/modules/ext/junit-4.12.jar" />
    <property name="user.timezone" value="" />
    <property name="nb.junit.single" value="false" />
    <property name="libs.javaee-endorsed-api-6.0.maven-pom" value="" />
    <property name="libs.JAVADB_DRIVER_LABEL.javadoc" value="" />
    <property name="netbeans.dirs" value="/opt/netbeans/nb:/opt/netbeans/ergonomics:/opt/netbeans/ide:/opt/netbeans/extide:/opt/netbeans/java:/opt/netbeans/apisupport:/opt/netbeans/webcommon:/opt/netbeans/websvccommon:/opt/netbeans/enterprise:/opt/netbeans/mobility:/opt/netbeans/profiler:/opt/netbeans/python:/opt/netbeans/php:/opt/netbeans/identity:/opt/netbeans/harness:/opt/netbeans/cnd:/opt/netbeans/cndext:/opt/netbeans/dlight:/opt/netbeans/groovy:/opt/netbeans/extra:/opt/netbeans/javacard:/opt/netbeans/javafx:" />
    <property name="libs.jsf20.javadoc" value="/opt/netbeans/enterprise/docs/javaee-doc-api.jar" />
    <property name="libs.jstl.javadoc" value="/opt/netbeans/enterprise/docs/javaee-doc-api.jar" />
    <property name="java.ext.dirs" value="/usr/lib/jvm/java-8-oracle/jre/lib/ext:/usr/java/packages/lib/ext" />
    <property name="libs.metro.src" value="" />
    <property name="endorsed.classpath" value="/opt/netbeans/enterprise/modules/ext/javaee7-endorsed/javax.annotation-api.jar:/opt/netbeans/enterprise/modules/ext/javaee7-endorsed/javax.xml.soap-api.jar:/opt/netbeans/enterprise/modules/ext/javaee7-endorsed/jaxb-api-osgi.jar:/opt/netbeans/enterprise/modules/ext/javaee7-endorsed/jaxws-api.jar:/opt/netbeans/enterprise/modules/ext/javaee7-endorsed/jsr181-api.jar" />
    <property name="libs.absolutelayout.classpath" value="/opt/netbeans/java/modules/ext/AbsoluteLayout.jar" />
    <property name="excludes" value="" />
    <property name="libs.restlib.maven-pom" value="" />
    <property name="libs.metro.classpath" value="/opt/netbeans/ide/modules/ext/jaxb/activation.jar:/opt/netbeans/enterprise/modules/ext/metro/webservices-api.jar:/opt/netbeans/enterprise/modules/ext/metro/webservices-extra-api.jar:/opt/netbeans/enterprise/modules/ext/metro/webservices-extra.jar:/opt/netbeans/enterprise/modules/ext/metro/webservices-rt.jar:/opt/netbeans/enterprise/modules/ext/metro/webservices-tools.jar" />
    <property name="libs.jpa2-persistence.javadoc" value="/opt/netbeans/java/modules/ext/docs/javax.persistence-2.1.0-doc.zip" />
    <property name="libs.DataBindingME.javadoc" value="/opt/netbeans/mobility/modules/docs/netbeans_databindingme-api.zip" />
    <property name="apple.laf.useScreenMenuBar" value="true" />
    <property name="java.class.path" value="/home/joao/NetBeansProjects/chungtoiwsb-11100088/build/web/WEB-INF/classes:/opt/netbeans/platform/modules/ext/junit-4.12.jar:/opt/netbeans/platform/modules/ext/hamcrest-core-1.3.jar:/home/joao/NetBeansProjects/chungtoiwsb-11100088/build/test/classes:/home/joao/GlassFish_Server/glassfish/modules/endorsed/jaxb-api.jar:/home/joao/GlassFish_Server/glassfish/modules/endorsed/webservices-api-osgi.jar:/home/joao/GlassFish_Server/glassfish/modules/endorsed/javax.annotation-api.jar:/home/joao/GlassFish_Server/glassfish/modules/javax.enterprise.concurrent.jar:/home/joao/GlassFish_Server/glassfish/modules/javax.security.auth.message-api.jar:/home/joao/GlassFish_Server/glassfish/modules/javax.xml.registry-api.jar:/home/joao/GlassFish_Server/glassfish/modules/javax.enterprise.concurrent-api.jar:/home/joao/GlassFish_Server/glassfish/modules/javax.security.jacc-api.jar:/home/joao/GlassFish_Server/glassfish/modules/cdi-api.jar:/home/joao/GlassFish_Server/glassfish/modules/javax.enterprise.deploy-api.jar:/home/joao/GlassFish_Server/glassfish/modules/javax.el.jar:/home/joao/GlassFish_Server/glassfish/modules/javax.transaction-api.jar:/home/joao/GlassFish_Server/glassfish/modules/javax.servlet.jsp.jstl.jar:/home/joao/GlassFish_Server/glassfish/modules/javax.ws.rs-api.jar:/home/joao/GlassFish_Server/glassfish/modules/javax.resource-api.jar:/home/joao/GlassFish_Server/glassfish/modules/javax.batch-api.jar:/home/joao/GlassFish_Server/glassfish/modules/javax.mail.jar:/home/joao/GlassFish_Server/glassfish/modules/javax.inject.jar:/home/joao/GlassFish_Server/glassfish/modules/weld-osgi-bundle.jar:/home/joao/GlassFish_Server/glassfish/modules/javax.jms-api.jar:/home/joao/GlassFish_Server/glassfish/modules/javax.ejb-api.jar:/home/joao/GlassFish_Server/glassfish/modules/jaxb-osgi.jar:/home/joao/GlassFish_Server/glassfish/modules/javax.faces.jar:/home/joao/GlassFish_Server/glassfish/modules/javax.xml.rpc-api.jar:/home/joao/GlassFish_Server/glassfish/modules/javax.management.j2ee-api.jar:/home/joao/GlassFish_Server/glassfish/modules/javax.servlet.jsp-api.jar:/home/joao/GlassFish_Server/glassfish/modules/javax.servlet.jsp.jar:/home/joao/GlassFish_Server/glassfish/modules/javax.interceptor-api.jar:/home/joao/GlassFish_Server/glassfish/modules/javax.persistence.jar:/home/joao/GlassFish_Server/glassfish/modules/javax.servlet.jsp.jstl-api.jar:/home/joao/GlassFish_Server/glassfish/modules/bean-validator.jar:/home/joao/GlassFish_Server/glassfish/modules/javax.websocket-api.jar:/home/joao/GlassFish_Server/glassfish/modules/webservices-osgi.jar:/home/joao/GlassFish_Server/glassfish/modules/javax.json.jar:/home/joao/GlassFish_Server/glassfish/modules/javax.servlet-api.jar:/home/joao/GlassFish_Server/mq/lib/jaxm-api.jar:/home/joao/GlassFish_Server/glassfish/lib/embedded/glassfish-embedded-static-shell.jar:/opt/netbeans/extide/ant/lib/ant-launcher.jar:/opt/netbeans/extide/ant/lib/ant.jar:/opt/netbeans/extide/ant/lib/ant-junit.jar:/opt/netbeans/extide/ant/lib/ant-junit4.jar" />
    <property name="ant.file.chungtoiwsb-11100088" value="/home/joao/NetBeansProjects/chungtoiwsb-11100088/build.xml" />
    <property name="libs.absolutelayout.src" value="" />
    <property name="libs.jpa20-persistence.classpath" value="/opt/netbeans/java/modules/ext/eclipselink/javax.persistence_2.1.0.v201304241213.jar" />
    <property name="j2ee.server.type" value="gfv3ee6" />
    <property name="os.version" value="4.10.0-37-generic" />
    <property name="libs.EclipseLink-GlassFish-v3.javadoc" value="/opt/netbeans/enterprise/docs/javaee-doc-api.jar" />
    <property name="libs.javaee-api-7.0.maven-pom" value="" />
    <property name="sun.awt.enableExtraMouseButtons" value="true" />
    <property name="sun.desktop" value="gnome" />
    <property name="libs.hibernate4-persistence.src" value="" />
    <property name="libs.hibernate4-support.maven-pom" value="" />
    <property name="libs.Comet-GlassFish-v3.src" value="" />
    <property name="libs.restlib.javadoc" value="" />
    <property name="war.content.additional" value="" />
    <property name="nb.internal.action.name" value="test" />
    <property name="j2ee.platform.embeddableejb.classpath" value="/home/joao/GlassFish_Server/glassfish/lib/embedded/glassfish-embedded-static-shell.jar" />
    <property name="libs.JAXB-ENDORSED.classpath" value="/opt/netbeans/ide/modules/ext/jaxb/api/jaxb-api.jar" />
    <property name="forceRedeploy" value="false" />
    <property name="libs.javaee-api-7.0.javadoc" value="/opt/netbeans/enterprise/docs/javaee-doc-api.jar" />
    <property name="libs.eclipselink.classpath" value="/opt/netbeans/java/modules/ext/eclipselink/eclipselink.jar:/opt/netbeans/java/modules/ext/eclipselink/javax.persistence_2.1.0.v201304241213.jar:/opt/netbeans/java/modules/ext/eclipselink/org.eclipse.persistence.jpa.jpql_2.5.2.v20140319-9ad6abd.jar" />
    <property name="java.awt.graphicsenv" value="sun.awt.X11GraphicsEnvironment" />
    <property name="libs.beans-binding.javadoc" value="/opt/netbeans/java/docs/beansbinding-1.2.1-doc.zip" />
    <property name="java.vm.vendor" value="Oracle Corporation" />
    <property name="libs.CopyLibs.classpath" value="/opt/netbeans/java/ant/extra/org-netbeans-modules-java-j2seproject-copylibstask.jar" />
    <property name="libs.spring-framework300.classpath" value="/opt/netbeans/ide/modules/org-apache-commons-logging.jar:/opt/netbeans/java/modules/ext/cglib-2.2.jar:/opt/netbeans/java/modules/ext/spring-3.0/spring-aop-3.2.7.RELEASE.jar:/opt/netbeans/java/modules/ext/spring-3.0/spring-aspects-3.2.7.RELEASE.jar:/opt/netbeans/java/modules/ext/spring-3.0/spring-beans-3.2.7.RELEASE.jar:/opt/netbeans/java/modules/ext/spring-3.0/spring-build-src-3.2.7.RELEASE.jar:/opt/netbeans/java/modules/ext/spring-3.0/spring-context-3.2.7.RELEASE.jar:/opt/netbeans/java/modules/ext/spring-3.0/spring-context-support-3.2.7.RELEASE.jar:/opt/netbeans/java/modules/ext/spring-3.0/spring-core-3.2.7.RELEASE.jar:/opt/netbeans/java/modules/ext/spring-3.0/spring-expression-3.2.7.RELEASE.jar:/opt/netbeans/java/modules/ext/spring-3.0/spring-framework-bom-3.2.7.RELEASE.jar:/opt/netbeans/java/modules/ext/spring-3.0/spring-instrument-3.2.7.RELEASE.jar:/opt/netbeans/java/modules/ext/spring-3.0/spring-instrument-tomcat-3.2.7.RELEASE.jar:/opt/netbeans/java/modules/ext/spring-3.0/spring-jdbc-3.2.7.RELEASE.jar:/opt/netbeans/java/modules/ext/spring-3.0/spring-jms-3.2.7.RELEASE.jar:/opt/netbeans/java/modules/ext/spring-3.0/spring-orm-3.2.7.RELEASE.jar:/opt/netbeans/java/modules/ext/spring-3.0/spring-oxm-3.2.7.RELEASE.jar:/opt/netbeans/java/modules/ext/spring-3.0/spring-struts-3.2.7.RELEASE.jar:/opt/netbeans/java/modules/ext/spring-3.0/spring-test-3.2.7.RELEASE.jar:/opt/netbeans/java/modules/ext/spring-3.0/spring-tx-3.2.7.RELEASE.jar:/opt/netbeans/java/modules/ext/spring-3.0/spring-web-3.2.7.RELEASE.jar:/opt/netbeans/java/modules/ext/spring-3.0/spring-webmvc-3.2.7.RELEASE.jar:/opt/netbeans/java/modules/ext/spring-3.0/spring-webmvc-portlet-3.2.7.RELEASE.jar" />
    <property name="libs.jsp-compiler.maven-pom" value="" />
    <property name="libs.hamcrest.src" value="" />
    <property name="libs.hibernate4-persistence.classpath" value="/opt/netbeans/java/modules/ext/hibernate4/antlr-2.7.7.jar:/opt/netbeans/java/modules/ext/hibernate4/c3p0-0.9.2.1.jar:/opt/netbeans/java/modules/ext/hibernate4/hibernate-c3p0-4.3.1.Final.jar:/opt/netbeans/java/modules/ext/hibernate4/mchange-commons-java-0.2.3.4.jar:/opt/netbeans/java/modules/ext/hibernate4/dom4j-1.6.1.jar:/opt/netbeans/java/modules/ext/hibernate4/ehcache-core-2.4.3.jar:/opt/netbeans/java/modules/ext/hibernate4/hibernate-ehcache-4.3.1.Final.jar:/opt/netbeans/java/modules/ext/hibernate4/hibernate-core-4.3.1.Final.jar:/opt/netbeans/java/modules/ext/hibernate4/jboss-logging-3.1.3.GA.jar:/opt/netbeans/java/modules/ext/hibernate4/hibernate-commons-annotations-4.0.4.Final.jar:/opt/netbeans/java/modules/ext/hibernate4/hibernate-entitymanager-4.3.1.Final.jar:/opt/netbeans/java/modules/ext/hibernate4/javassist-3.18.1-GA.jar:/opt/netbeans/java/modules/ext/hibernate4/jboss-transaction-api_1.2_spec-1.0.0.Final.jar:/opt/netbeans/java/modules/ext/hibernate4/slf4j-api-1.6.1.jar:/opt/netbeans/java/modules/ext/hibernate4/slf4j-simple-1.6.1.jar:/opt/netbeans/java/modules/ext/hibernate4/hibernate-jpa-2.1-api-1.0.0.Final.jar" />
    <property name="libs.JAXB-ENDORSED.src" value="" />
    <property name="dist.archive.excludes" value="" />
    <property name="libs.testng.javadoc" value="/opt/netbeans/platform/docs/testng-6.8.1-javadoc.zip" />
    <property name="libs.DataBindingME-PIM.src" value="/opt/netbeans/mobility/sources/netbeans_databindingme_pim-src.zip" />
    <property name="libs.PostgreSQLDriver.classpath" value="/opt/netbeans/ide/modules/ext/postgresql-9.2-1002.jdbc4.jar" />
    <property name="libs.jsf12.maven-pom" value="" />
    <property name="libs.hibernate4-persistencemodelgen.classpath" value="/opt/netbeans/java/modules/ext/hibernate4/hibernate-jpamodelgen-4.3.1.Final.jar" />
    <property name="annotation.processing.source.output" value="build/generated-sources/ap-source-output" />
    <property name="libs.CopyLibs.src" value="" />
    <property name="build.dir" value="build" />
    <property name="libs.jsp-compilation.classpath" value="/opt/netbeans/extide/ant/lib/ant.jar:/opt/netbeans/enterprise/modules/ext/servlet3.1-jsp2.3-api.jar:/opt/netbeans/enterprise/modules/ext/glassfish-jspparser-4.0.jar:/opt/netbeans/enterprise/modules/ext/jsf-2_2/javax.faces.jar:/opt/netbeans/enterprise/modules/ext/jstl-api.jar:/opt/netbeans/extide/ant/lib/ant-launcher.jar" />
    <property name="j2ee.platform.is.jsr109" value="true" />
    <property name="ant.version" value="Apache Ant(TM) version 1.9.4 compiled on April 29 2014" />
    <property name="build.classes.excludes" value="**/*.java,**/*.form" />
    <property name="file.encoding" value="UTF-8" />
    <property name="javadoc.nonavbar" value="false" />
    <property name="jdkBug6558476" value="false" />
    <property name="libs.spring-webmvc4.0.classpath" value="/opt/netbeans/java/modules/ext/spring-4/spring-webmvc-4.0.1.RELEASE.jar" />
    <property name="platform.active" value="default_platform" />
    <property name="awt.toolkit" value="sun.awt.X11.XToolkit" />
    <property name="war.ear.name" value="chungtoiwsb-11100088.war" />
    <property name="libs.javaee-web-api-7.0.javadoc" value="/opt/netbeans/enterprise/docs/javaee-doc-api.jar" />
  </properties>
  <testcase classname="br.distribuida.ct.game.ChungToiImplTest" name="testObtemOponente" time="0.387">
    <failure message="expected:&lt;&gt; but was:&lt;null&gt;" type="junit.framework.AssertionFailedError">junit.framework.AssertionFailedError: expected:&lt;&gt; but was:&lt;null&gt;
	at br.distribuida.ct.game.ChungToiImplTest.testObtemOponente(ChungToiImplTest.java:111)
</failure>
  </testcase>
  <testcase classname="br.distribuida.ct.game.ChungToiImplTest" name="testPosicionaPeca" time="0.003">
    <error message="Not supported yet." type="java.lang.UnsupportedOperationException">java.lang.UnsupportedOperationException: Not supported yet.
	at br.distribuida.ct.game.ChungToiImpl.posicionaPeca(ChungToiImpl.java:296)
	at br.distribuida.ct.game.ChungToiImplTest.testPosicionaPeca(ChungToiImplTest.java:142)
</error>
  </testcase>
  <testcase classname="br.distribuida.ct.game.ChungToiImplTest" name="testPreRegistro" time="0.002">
    <error message="Not supported yet." type="java.lang.UnsupportedOperationException">java.lang.UnsupportedOperationException: Not supported yet.
	at br.distribuida.ct.game.ChungToiImpl.preRegistro(ChungToiImpl.java:286)
	at br.distribuida.ct.game.ChungToiImplTest.testPreRegistro(ChungToiImplTest.java:191)
</error>
  </testcase>
  <testcase classname="br.distribuida.ct.game.ChungToiImplTest" name="testMovePeca" time="0.002">
    <error message="Not supported yet." type="java.lang.UnsupportedOperationException">java.lang.UnsupportedOperationException: Not supported yet.
	at br.distribuida.ct.game.ChungToiImpl.movePeca(ChungToiImpl.java:301)
	at br.distribuida.ct.game.ChungToiImplTest.testMovePeca(ChungToiImplTest.java:161)
</error>
  </testcase>
  <testcase classname="br.distribuida.ct.game.ChungToiImplTest" name="testEhMinhaVez" time="0.005">
    <error message="Not supported yet." type="java.lang.UnsupportedOperationException">java.lang.UnsupportedOperationException: Not supported yet.
	at br.distribuida.ct.game.ChungToiImpl.ehMinhaVez(ChungToiImpl.java:291)
	at br.distribuida.ct.game.ChungToiImplTest.testEhMinhaVez(ChungToiImplTest.java:95)
</error>
  </testcase>
  <testcase classname="br.distribuida.ct.game.ChungToiImplTest" name="testRegistraJogador" time="0.002">
    <failure message="expected:&lt;0&gt; but was:&lt;1&gt;" type="junit.framework.AssertionFailedError">junit.framework.AssertionFailedError: expected:&lt;0&gt; but was:&lt;1&gt;
	at br.distribuida.ct.game.ChungToiImplTest.testRegistraJogador(ChungToiImplTest.java:51)
</failure>
  </testcase>
  <testcase classname="br.distribuida.ct.game.ChungToiImplTest" name="testObtemTabuleiro" time="0.001">
    <failure message="expected:&lt;&gt; but was:&lt;null&gt;" type="junit.framework.AssertionFailedError">junit.framework.AssertionFailedError: expected:&lt;&gt; but was:&lt;null&gt;
	at br.distribuida.ct.game.ChungToiImplTest.testObtemTabuleiro(ChungToiImplTest.java:126)
</failure>
  </testcase>
  <testcase classname="br.distribuida.ct.game.ChungToiImplTest" name="testEncerraPartida" time="0.002">
    <error type="java.lang.NullPointerException">java.lang.NullPointerException
	at br.distribuida.ct.game.ChungToiImpl.encerraPartida(ChungToiImpl.java:52)
	at br.distribuida.ct.game.ChungToiImplTest.testEncerraPartida(ChungToiImplTest.java:65)
</error>
  </testcase>
  <testcase classname="br.distribuida.ct.game.ChungToiImplTest" name="testServerInfo" time="0.001">
    <failure message="The test case is a prototype." type="junit.framework.AssertionFailedError">junit.framework.AssertionFailedError: The test case is a prototype.
	at br.distribuida.ct.game.ChungToiImplTest.testServerInfo(ChungToiImplTest.java:176)
</failure>
  </testcase>
  <testcase classname="br.distribuida.ct.game.ChungToiImplTest" name="testTemPartida" time="0.001">
    <failure message="The test case is a prototype." type="junit.framework.AssertionFailedError">junit.framework.AssertionFailedError: The test case is a prototype.
	at br.distribuida.ct.game.ChungToiImplTest.testTemPartida(ChungToiImplTest.java:83)
</failure>
  </testcase>
  <system-out><![CDATA[obtemOponente
posicionaPeca
preRegistro
movePeca
ehMinhaVez
registraJogador
obtemTabuleiro
encerraPartida
serverInfo
Register players: 

Matches: 

temPartida
]]></system-out>
  <system-err><![CDATA[]]></system-err>
</testsuite>
